<?xml version="1.0" encoding="UTF-8"?>
<!-- Generated by org.testng.reporters.JUnitXMLReporter -->
<testsuite hostname="LAPTOP-GQ6CG3TU" ignored="0" name="Surefire test" tests="4" failures="0" timestamp="2022-01-15T22:00:10 GMT" time="99.607" errors="0">
  <testcase name="verifyRegisterUserShouldBeAbleToReferProduct" time="18.294" classname="org.example.TestSuit"/>
  <testcase name="verifyUserShouldBeAbleToNewsCommentSuccessfullyAdd" time="3.566" classname="org.example.TestSuit"/>
  <testcase name="verifyUserShouldBeAbleToRegisterSuccessfully" time="5.568" classname="org.example.TestSuit"/>
  <testcase name="verifyUserVisibleToNavigateDesktopPage" time="2.429" classname="org.example.TestSuit"/>
</testsuite> <!-- Surefire test -->
