<?xml version="1.0" encoding="UTF-8"?>
<testng-results skipped="0" failed="0" ignored="0" total="4" passed="4">
  <reporter-output>
  </reporter-output>
  <suite name="Surefire suite" duration-ms="99607" started-at="2022-01-15T21:58:30 GMT" finished-at="2022-01-15T22:00:10 GMT">
    <groups>
    </groups>
    <test name="Surefire test" duration-ms="99607" started-at="2022-01-15T21:58:30 GMT" finished-at="2022-01-15T22:00:10 GMT">
      <class name="org.example.TestSuit">
        <test-method status="PASS" signature="setUpBrowser()[pri:0, instance:org.example.TestSuit@7fac631b]" name="setUpBrowser" is-config="true" duration-ms="31029" started-at="2022-01-15T21:58:31 GMT" finished-at="2022-01-15T21:59:02 GMT">
          <reporter-output>
          </reporter-output>
        </test-method> <!-- setUpBrowser -->
        <test-method status="PASS" signature="verifyRegisterUserShouldBeAbleToReferProduct()[pri:0, instance:org.example.TestSuit@7fac631b]" name="verifyRegisterUserShouldBeAbleToReferProduct" duration-ms="18294" started-at="2022-01-15T21:59:02 GMT" finished-at="2022-01-15T21:59:20 GMT">
          <reporter-output>
          </reporter-output>
        </test-method> <!-- verifyRegisterUserShouldBeAbleToReferProduct -->
        <test-method status="PASS" signature="closeBrowser(org.testng.ITestResult)[pri:0, instance:org.example.TestSuit@7fac631b]" name="closeBrowser" is-config="true" duration-ms="3734" started-at="2022-01-15T21:59:20 GMT" finished-at="2022-01-15T21:59:24 GMT">
          <params>
            <param index="0">
              <value>
                <![CDATA[[TestResult name=verifyRegisterUserShouldBeAbleToReferProduct status=SUCCESS method=TestSuit.verifyRegisterUserShouldBeAbleToReferProduct()[pri:0, instance:org.example.TestSuit@7fac631b] output={null}]]]>
              </value>
            </param>
          </params>
          <reporter-output>
          </reporter-output>
        </test-method> <!-- closeBrowser -->
        <test-method status="PASS" signature="setUpBrowser()[pri:0, instance:org.example.TestSuit@7fac631b]" name="setUpBrowser" is-config="true" duration-ms="12134" started-at="2022-01-15T21:59:24 GMT" finished-at="2022-01-15T21:59:36 GMT">
          <reporter-output>
          </reporter-output>
        </test-method> <!-- setUpBrowser -->
        <test-method status="PASS" signature="verifyUserShouldBeAbleToNewsCommentSuccessfullyAdd()[pri:0, instance:org.example.TestSuit@7fac631b]" name="verifyUserShouldBeAbleToNewsCommentSuccessfullyAdd" duration-ms="3566" started-at="2022-01-15T21:59:36 GMT" finished-at="2022-01-15T21:59:39 GMT">
          <reporter-output>
          </reporter-output>
        </test-method> <!-- verifyUserShouldBeAbleToNewsCommentSuccessfullyAdd -->
        <test-method status="PASS" signature="closeBrowser(org.testng.ITestResult)[pri:0, instance:org.example.TestSuit@7fac631b]" name="closeBrowser" is-config="true" duration-ms="1882" started-at="2022-01-15T21:59:39 GMT" finished-at="2022-01-15T21:59:41 GMT">
          <params>
            <param index="0">
              <value>
                <![CDATA[[TestResult name=verifyUserShouldBeAbleToNewsCommentSuccessfullyAdd status=SUCCESS method=TestSuit.verifyUserShouldBeAbleToNewsCommentSuccessfullyAdd()[pri:0, instance:org.example.TestSuit@7fac631b] output={null}]]]>
              </value>
            </param>
          </params>
          <reporter-output>
          </reporter-output>
        </test-method> <!-- closeBrowser -->
        <test-method status="PASS" signature="setUpBrowser()[pri:0, instance:org.example.TestSuit@7fac631b]" name="setUpBrowser" is-config="true" duration-ms="7815" started-at="2022-01-15T21:59:41 GMT" finished-at="2022-01-15T21:59:49 GMT">
          <reporter-output>
          </reporter-output>
        </test-method> <!-- setUpBrowser -->
        <test-method status="PASS" signature="verifyUserShouldBeAbleToRegisterSuccessfully()[pri:0, instance:org.example.TestSuit@7fac631b]" name="verifyUserShouldBeAbleToRegisterSuccessfully" duration-ms="5568" started-at="2022-01-15T21:59:49 GMT" finished-at="2022-01-15T21:59:55 GMT">
          <reporter-output>
          </reporter-output>
        </test-method> <!-- verifyUserShouldBeAbleToRegisterSuccessfully -->
        <test-method status="PASS" signature="closeBrowser(org.testng.ITestResult)[pri:0, instance:org.example.TestSuit@7fac631b]" name="closeBrowser" is-config="true" duration-ms="1741" started-at="2022-01-15T21:59:55 GMT" finished-at="2022-01-15T21:59:56 GMT">
          <params>
            <param index="0">
              <value>
                <![CDATA[[TestResult name=verifyUserShouldBeAbleToRegisterSuccessfully status=SUCCESS method=TestSuit.verifyUserShouldBeAbleToRegisterSuccessfully()[pri:0, instance:org.example.TestSuit@7fac631b] output={null}]]]>
              </value>
            </param>
          </params>
          <reporter-output>
          </reporter-output>
        </test-method> <!-- closeBrowser -->
        <test-method status="PASS" signature="setUpBrowser()[pri:0, instance:org.example.TestSuit@7fac631b]" name="setUpBrowser" is-config="true" duration-ms="9454" started-at="2022-01-15T21:59:56 GMT" finished-at="2022-01-15T22:00:06 GMT">
          <reporter-output>
          </reporter-output>
        </test-method> <!-- setUpBrowser -->
        <test-method status="PASS" signature="verifyUserVisibleToNavigateDesktopPage()[pri:0, instance:org.example.TestSuit@7fac631b]" name="verifyUserVisibleToNavigateDesktopPage" duration-ms="2429" started-at="2022-01-15T22:00:06 GMT" finished-at="2022-01-15T22:00:08 GMT">
          <reporter-output>
          </reporter-output>
        </test-method> <!-- verifyUserVisibleToNavigateDesktopPage -->
        <test-method status="PASS" signature="closeBrowser(org.testng.ITestResult)[pri:0, instance:org.example.TestSuit@7fac631b]" name="closeBrowser" is-config="true" duration-ms="1895" started-at="2022-01-15T22:00:08 GMT" finished-at="2022-01-15T22:00:10 GMT">
          <params>
            <param index="0">
              <value>
                <![CDATA[[TestResult name=verifyUserVisibleToNavigateDesktopPage status=SUCCESS method=TestSuit.verifyUserVisibleToNavigateDesktopPage()[pri:0, instance:org.example.TestSuit@7fac631b] output={null}]]]>
              </value>
            </param>
          </params>
          <reporter-output>
          </reporter-output>
        </test-method> <!-- closeBrowser -->
      </class> <!-- org.example.TestSuit -->
    </test> <!-- Surefire test -->
  </suite> <!-- Surefire suite -->
</testng-results>
